<?xml version="1.0" encoding="UTF-8"?>
<!-- Generated by org.testng.reporters.JUnitReportReporter -->
<testsuite hostname="Raj-PC" name="appium.SampleTestCase" tests="1" failures="0" timestamp="30 Jul 2016 14:59:44 GMT" time="18.773" errors="0">
  <testcase name="sampeTest" time="18.773" classname="appium.SampleTestCase"/>
</testsuite> <!-- appium.SampleTestCase -->
